{"/home/sollarstone/Desk/FullStack/Projeto-MoneyConvert/lib/api.bcb.js": {"path":"/home/sollarstone/Desk/FullStack/Projeto-MoneyConvert/lib/api.bcb.js","statementMap":{"0":{"start":{"line":1,"column":14},"end":{"line":1,"column":30}},"1":{"start":{"line":3,"column":15},"end":{"line":3,"column":228}},"2":{"start":{"line":3,"column":23},"end":{"line":3,"column":228}},"3":{"start":{"line":5,"column":22},"end":{"line":5,"column":45}},"4":{"start":{"line":5,"column":31},"end":{"line":5,"column":45}},"5":{"start":{"line":7,"column":23},"end":{"line":7,"column":60}},"6":{"start":{"line":7,"column":30},"end":{"line":7,"column":60}},"7":{"start":{"line":9,"column":17},"end":{"line":12,"column":1}},"8":{"start":{"line":10,"column":16},"end":{"line":10,"column":26}},"9":{"start":{"line":11,"column":2},"end":{"line":11,"column":78}},"10":{"start":{"line":14,"column":19},"end":{"line":24,"column":1}},"11":{"start":{"line":14,"column":76},"end":{"line":24,"column":1}},"12":{"start":{"line":15,"column":2},"end":{"line":23,"column":3}},"13":{"start":{"line":16,"column":18},"end":{"line":16,"column":28}},"14":{"start":{"line":17,"column":16},"end":{"line":17,"column":29}},"15":{"start":{"line":18,"column":16},"end":{"line":18,"column":40}},"16":{"start":{"line":19,"column":20},"end":{"line":19,"column":39}},"17":{"start":{"line":20,"column":4},"end":{"line":20,"column":18}},"18":{"start":{"line":22,"column":4},"end":{"line":22,"column":13}},"19":{"start":{"line":26,"column":0},"end":{"line":33,"column":1}}},"fnMap":{"0":{"name":"(anonymous_0)","decl":{"start":{"line":3,"column":15},"end":{"line":3,"column":16}},"loc":{"start":{"line":3,"column":23},"end":{"line":3,"column":228}},"line":3},"1":{"name":"(anonymous_1)","decl":{"start":{"line":5,"column":22},"end":{"line":5,"column":23}},"loc":{"start":{"line":5,"column":31},"end":{"line":5,"column":45}},"line":5},"2":{"name":"(anonymous_2)","decl":{"start":{"line":7,"column":23},"end":{"line":7,"column":24}},"loc":{"start":{"line":7,"column":30},"end":{"line":7,"column":60}},"line":7},"3":{"name":"(anonymous_3)","decl":{"start":{"line":9,"column":17},"end":{"line":9,"column":18}},"loc":{"start":{"line":9,"column":23},"end":{"line":12,"column":1}},"line":9},"4":{"name":"(anonymous_4)","decl":{"start":{"line":14,"column":19},"end":{"line":14,"column":20}},"loc":{"start":{"line":14,"column":76},"end":{"line":24,"column":1}},"line":14},"5":{"name":"(anonymous_5)","decl":{"start":{"line":14,"column":76},"end":{"line":14,"column":77}},"loc":{"start":{"line":14,"column":88},"end":{"line":24,"column":1}},"line":14}},"branchMap":{},"s":{"0":1,"1":1,"2":1,"3":1,"4":1,"5":1,"6":1,"7":1,"8":1,"9":1,"10":1,"11":3,"12":2,"13":2,"14":2,"15":2,"16":1,"17":1,"18":1,"19":1},"f":{"0":1,"1":1,"2":1,"3":1,"4":3,"5":2},"b":{},"_coverageSchema":"1a1c01bbd47fc00a2c39e90264f33305004495a9","hash":"9ed200c97168e763b92db3f71c0b5104448ad095"}
,"/home/sollarstone/Desk/FullStack/Projeto-MoneyConvert/lib/convert.js": {"path":"/home/sollarstone/Desk/FullStack/Projeto-MoneyConvert/lib/convert.js","statementMap":{"0":{"start":{"line":1,"column":16},"end":{"line":3,"column":1}},"1":{"start":{"line":2,"column":2},"end":{"line":2,"column":30}},"2":{"start":{"line":5,"column":16},"end":{"line":7,"column":1}},"3":{"start":{"line":6,"column":2},"end":{"line":6,"column":38}},"4":{"start":{"line":9,"column":0},"end":{"line":9,"column":38}}},"fnMap":{"0":{"name":"(anonymous_0)","decl":{"start":{"line":1,"column":16},"end":{"line":1,"column":17}},"loc":{"start":{"line":1,"column":41},"end":{"line":3,"column":1}},"line":1},"1":{"name":"(anonymous_1)","decl":{"start":{"line":5,"column":16},"end":{"line":5,"column":17}},"loc":{"start":{"line":5,"column":25},"end":{"line":7,"column":1}},"line":5}},"branchMap":{},"s":{"0":1,"1":2,"2":1,"3":2,"4":1},"f":{"0":2,"1":2},"b":{},"_coverageSchema":"1a1c01bbd47fc00a2c39e90264f33305004495a9","hash":"a9d132e7beb8de19c9962e8b7966335f8e9221d2"}
}
